This is XeTeX, Version 3.141592653-2.6-0.999995 (TeX Live 2023) (preloaded format=xelatex 2024.3.8)  28 NOV 2024 12:03
entering extended mode
 restricted \write18 enabled.
 %&-line parsing enabled.
**COEmain.tex
(./COEmain.tex
LaTeX2e <2022-11-01> patch level 1
L3 programming layer <2023-02-22>
(c:/texlive/2023/texmf-dist/tex/latex/ctex/ctexbook.cls
(c:/texlive/2023/texmf-dist/tex/latex/ctex/config/ctexbackend.cfg
File: ctexbackend.cfg 2022/07/14 v2.5.10 Backend configuration file (CTEX)
)
(c:/texlive/2023/texmf-dist/tex/latex/l3kernel/expl3.sty
Package: expl3 2023-02-22 L3 programming layer (loader) 

(c:/texlive/2023/texmf-dist/tex/latex/l3backend/l3backend-xetex.def
File: l3backend-xetex.def 2023-01-16 L3 backend support: XeTeX
\g__graphics_track_int=\count181
\l__pdf_internal_box=\box51
\g__pdf_backend_object_int=\count182
\g__pdf_backend_annotation_int=\count183
\g__pdf_backend_link_int=\count184
))
Document Class: ctexbook 2022/07/14 v2.5.10 Chinese adapter for class book (CTE
X)
(c:/texlive/2023/texmf-dist/tex/latex/ctex/ctexhook.sty
Package: ctexhook 2022/07/14 v2.5.10 Document and package hooks (CTEX)
)
(c:/texlive/2023/texmf-dist/tex/latex/ctex/ctexpatch.sty
Package: ctexpatch 2022/07/14 v2.5.10 Patching commands (CTEX)
)
(c:/texlive/2023/texmf-dist/tex/latex/base/fix-cm.sty
Package: fix-cm 2020/11/24 v1.1t fixes to LaTeX

(c:/texlive/2023/texmf-dist/tex/latex/base/ts1enc.def
File: ts1enc.def 2001/06/05 v3.0e (jk/car/fm) Standard LaTeX file
LaTeX Font Info:    Redeclaring font encoding TS1 on input line 47.
))
\l__ctex_tmp_int=\count185
\l__ctex_tmp_box=\box52
\l__ctex_tmp_dim=\dimen140
\g__ctex_section_depth_int=\count186
\g__ctex_font_size_int=\count187

(c:/texlive/2023/texmf-dist/tex/latex/ctex/config/ctexopts.cfg
File: ctexopts.cfg 2022/07/14 v2.5.10 Option configuration file (CTEX)
)
(c:/texlive/2023/texmf-dist/tex/latex/base/book.cls
Document Class: book 2022/07/02 v1.4n Standard LaTeX document class
(c:/texlive/2023/texmf-dist/tex/latex/base/bk12.clo
File: bk12.clo 2022/07/02 v1.4n Standard LaTeX file (size option)
)
\c@part=\count188
\c@chapter=\count189
\c@section=\count190
\c@subsection=\count191
\c@subsubsection=\count192
\c@paragraph=\count193
\c@subparagraph=\count194
\c@figure=\count195
\c@table=\count196
\abovecaptionskip=\skip48
\belowcaptionskip=\skip49
\bibindent=\dimen141
)
(c:/texlive/2023/texmf-dist/tex/latex/ctex/engine/ctex-engine-xetex.def
File: ctex-engine-xetex.def 2022/07/14 v2.5.10 XeLaTeX adapter (CTEX)

(c:/texlive/2023/texmf-dist/tex/xelatex/xecjk/xeCJK.sty
Package: xeCJK 2022/08/05 v3.9.1 Typesetting CJK scripts with XeLaTeX

(c:/texlive/2023/texmf-dist/tex/latex/l3packages/xtemplate/xtemplate.sty
Package: xtemplate 2023-02-02 L3 Experimental prototype document functions
\l__xtemplate_tmp_dim=\dimen142
\l__xtemplate_tmp_int=\count197
\l__xtemplate_tmp_muskip=\muskip16
\l__xtemplate_tmp_skip=\skip50
)
\l__xeCJK_tmp_int=\count198
\l__xeCJK_tmp_box=\box53
\l__xeCJK_tmp_dim=\dimen143
\l__xeCJK_tmp_skip=\skip51
\g__xeCJK_space_factor_int=\count199
\l__xeCJK_begin_int=\count266
\l__xeCJK_end_int=\count267
\c__xeCJK_CJK_class_int=\XeTeXcharclass1
\c__xeCJK_FullLeft_class_int=\XeTeXcharclass2
\c__xeCJK_FullRight_class_int=\XeTeXcharclass3
\c__xeCJK_HalfLeft_class_int=\XeTeXcharclass4
\c__xeCJK_HalfRight_class_int=\XeTeXcharclass5
\c__xeCJK_NormalSpace_class_int=\XeTeXcharclass6
\c__xeCJK_CM_class_int=\XeTeXcharclass7
\c__xeCJK_HangulJamo_class_int=\XeTeXcharclass8
\l__xeCJK_last_skip=\skip52
\c__xeCJK_none_node=\count268
\g__xeCJK_node_int=\count269
\c__xeCJK_CJK_node_dim=\dimen144
\c__xeCJK_CJK-space_node_dim=\dimen145
\c__xeCJK_default_node_dim=\dimen146
\c__xeCJK_CJK-widow_node_dim=\dimen147
\c__xeCJK_normalspace_node_dim=\dimen148
\c__xeCJK_default-space_node_skip=\skip53
\l__xeCJK_ccglue_skip=\skip54
\l__xeCJK_ecglue_skip=\skip55
\l__xeCJK_punct_kern_skip=\skip56
\l__xeCJK_indent_box=\box54
\l__xeCJK_last_penalty_int=\count270
\l__xeCJK_last_bound_dim=\dimen149
\l__xeCJK_last_kern_dim=\dimen150
\l__xeCJK_widow_penalty_int=\count271

Package xtemplate Info: Declaring object type 'xeCJK/punctuation' taking 0
(xtemplate)             argument(s) on line 2396.

\l__xeCJK_fixed_punct_width_dim=\dimen151
\l__xeCJK_mixed_punct_width_dim=\dimen152
\l__xeCJK_middle_punct_width_dim=\dimen153
\l__xeCJK_fixed_margin_width_dim=\dimen154
\l__xeCJK_mixed_margin_width_dim=\dimen155
\l__xeCJK_middle_margin_width_dim=\dimen156
\l__xeCJK_bound_punct_width_dim=\dimen157
\l__xeCJK_bound_margin_width_dim=\dimen158
\l__xeCJK_margin_minimum_dim=\dimen159
\l__xeCJK_kerning_total_width_dim=\dimen160
\l__xeCJK_same_align_margin_dim=\dimen161
\l__xeCJK_different_align_margin_dim=\dimen162
\l__xeCJK_kerning_margin_width_dim=\dimen163
\l__xeCJK_kerning_margin_minimum_dim=\dimen164
\l__xeCJK_bound_dim=\dimen165
\l__xeCJK_reverse_bound_dim=\dimen166
\l__xeCJK_margin_dim=\dimen167
\l__xeCJK_minimum_bound_dim=\dimen168
\l__xeCJK_kerning_margin_dim=\dimen169
\g__xeCJK_family_int=\count272
\l__xeCJK_fam_int=\count273
\g__xeCJK_fam_allocation_int=\count274
\l__xeCJK_verb_case_int=\count275
\l__xeCJK_verb_exspace_skip=\skip57

(c:/texlive/2023/texmf-dist/tex/latex/fontspec/fontspec.sty
(c:/texlive/2023/texmf-dist/tex/latex/l3packages/xparse/xparse.sty
Package: xparse 2023-02-02 L3 Experimental document command parser
)
Package: fontspec 2022/01/15 v2.8a Font selection for XeLaTeX and LuaLaTeX

(c:/texlive/2023/texmf-dist/tex/latex/fontspec/fontspec-xetex.sty
Package: fontspec-xetex 2022/01/15 v2.8a Font selection for XeLaTeX and LuaLaTe
X
\l__fontspec_script_int=\count276
\l__fontspec_language_int=\count277
\l__fontspec_strnum_int=\count278
\l__fontspec_tmp_int=\count279
\l__fontspec_tmpa_int=\count280
\l__fontspec_tmpb_int=\count281
\l__fontspec_tmpc_int=\count282
\l__fontspec_em_int=\count283
\l__fontspec_emdef_int=\count284
\l__fontspec_strong_int=\count285
\l__fontspec_strongdef_int=\count286
\l__fontspec_tmpa_dim=\dimen170
\l__fontspec_tmpb_dim=\dimen171
\l__fontspec_tmpc_dim=\dimen172

(c:/texlive/2023/texmf-dist/tex/latex/base/fontenc.sty
Package: fontenc 2021/04/29 v2.0v Standard LaTeX package
)
(c:/texlive/2023/texmf-dist/tex/latex/fontspec/fontspec.cfg)))
(c:/texlive/2023/texmf-dist/tex/xelatex/xecjk/xeCJK.cfg
File: xeCJK.cfg 2022/08/05 v3.9.1 Configuration file for xeCJK package
))
\ccwd=\dimen173
\l__ctex_ccglue_skip=\skip58
)
\l__ctex_ziju_dim=\dimen174

(c:/texlive/2023/texmf-dist/tex/latex/zhnumber/zhnumber.sty
Package: zhnumber 2022/07/14 v3.0 Typesetting numbers with Chinese glyphs
\l__zhnum_scale_int=\count287
\l__zhnum_tmp_int=\count288

(c:/texlive/2023/texmf-dist/tex/latex/zhnumber/zhnumber-utf8.cfg
File: zhnumber-utf8.cfg 2022/07/14 v3.0 Chinese numerals with UTF8 encoding
))
\l__ctex_heading_skip=\skip59

(c:/texlive/2023/texmf-dist/tex/latex/ctex/scheme/ctex-scheme-chinese-book.def
File: ctex-scheme-chinese-book.def 2022/07/14 v2.5.10 Chinese scheme for book (
CTEX)

(c:/texlive/2023/texmf-dist/tex/latex/ctex/config/ctex-name-utf8.cfg
File: ctex-name-utf8.cfg 2022/07/14 v2.5.10 Caption with encoding UTF-8 (CTEX)
))
(c:/texlive/2023/texmf-dist/tex/latex/ctex/fontset/ctex-fontset-windows.def
File: ctex-fontset-windows.def 2022/07/14 v2.5.10 Windows fonts definition (CTE
X)

Package fontspec Info: Could not resolve font "KaiTi/B" (it probably doesn't
(fontspec)             exist).


Package fontspec Info: Could not resolve font "SimHei/I" (it probably doesn't
(fontspec)             exist).


Package fontspec Info: Could not resolve font "SimSun/BI" (it probably doesn't
(fontspec)             exist).


Package fontspec Info: Font family 'SimSun(0)' created for font 'SimSun' with
(fontspec)             options
(fontspec)             [Script={CJK},BoldFont={SimHei},ItalicFont={KaiTi}].
(fontspec)              
(fontspec)              This font family consists of the following NFSS
(fontspec)             series/shapes:
(fontspec)              
(fontspec)             - 'normal' (m/n) with NFSS spec.:
(fontspec)             <->"SimSun/OT:script=hani;language=dflt;"
(fontspec)             - 'small caps'  (m/sc) with NFSS spec.: 
(fontspec)             - 'bold' (b/n) with NFSS spec.:
(fontspec)             <->"SimHei/OT:script=hani;language=dflt;"
(fontspec)             - 'bold small caps'  (b/sc) with NFSS spec.: 
(fontspec)             - 'italic' (m/it) with NFSS spec.:
(fontspec)             <->"KaiTi/OT:script=hani;language=dflt;"
(fontspec)             - 'italic small caps'  (m/scit) with NFSS spec.: 

))
(c:/texlive/2023/texmf-dist/tex/latex/ctex/config/ctex.cfg
File: ctex.cfg 2022/07/14 v2.5.10 Configuration file (CTEX)
)
(./setup/package.tex
(c:/texlive/2023/texmf-dist/tex/latex/graphics/graphicx.sty
Package: graphicx 2021/09/16 v1.2d Enhanced LaTeX Graphics (DPC,SPQR)

(c:/texlive/2023/texmf-dist/tex/latex/graphics/keyval.sty
Package: keyval 2022/05/29 v1.15 key=value parser (DPC)
\KV@toks@=\toks16
)
(c:/texlive/2023/texmf-dist/tex/latex/graphics/graphics.sty
Package: graphics 2022/03/10 v1.4e Standard LaTeX Graphics (DPC,SPQR)

(c:/texlive/2023/texmf-dist/tex/latex/graphics/trig.sty
Package: trig 2021/08/11 v1.11 sin cos tan (DPC)
)
(c:/texlive/2023/texmf-dist/tex/latex/graphics-cfg/graphics.cfg
File: graphics.cfg 2016/06/04 v1.11 sample graphics configuration
)
Package graphics Info: Driver file: xetex.def on input line 107.

(c:/texlive/2023/texmf-dist/tex/latex/graphics-def/xetex.def
File: xetex.def 2022/09/22 v5.0n Graphics/color driver for xetex
))
\Gin@req@height=\dimen175
\Gin@req@width=\dimen176
)
(c:/texlive/2023/texmf-dist/tex/latex/hyperref/hyperref.sty
Package: hyperref 2023-02-07 v7.00v Hypertext links for LaTeX

(c:/texlive/2023/texmf-dist/tex/generic/ltxcmds/ltxcmds.sty
Package: ltxcmds 2020-05-10 v1.25 LaTeX kernel commands for general use (HO)
)
(c:/texlive/2023/texmf-dist/tex/generic/iftex/iftex.sty
Package: iftex 2022/02/03 v1.0f TeX engine tests
)
(c:/texlive/2023/texmf-dist/tex/generic/pdftexcmds/pdftexcmds.sty
Package: pdftexcmds 2020-06-27 v0.33 Utility functions of pdfTeX for LuaTeX (HO
)

(c:/texlive/2023/texmf-dist/tex/generic/infwarerr/infwarerr.sty
Package: infwarerr 2019/12/03 v1.5 Providing info/warning/error messages (HO)
)
Package pdftexcmds Info: \pdf@primitive is available.
Package pdftexcmds Info: \pdf@ifprimitive is available.
Package pdftexcmds Info: \pdfdraftmode not found.
)
(c:/texlive/2023/texmf-dist/tex/latex/kvsetkeys/kvsetkeys.sty
Package: kvsetkeys 2022-10-05 v1.19 Key value parser (HO)
)
(c:/texlive/2023/texmf-dist/tex/generic/kvdefinekeys/kvdefinekeys.sty
Package: kvdefinekeys 2019-12-19 v1.6 Define keys (HO)
)
(c:/texlive/2023/texmf-dist/tex/generic/pdfescape/pdfescape.sty
Package: pdfescape 2019/12/09 v1.15 Implements pdfTeX's escape features (HO)
)
(c:/texlive/2023/texmf-dist/tex/latex/hycolor/hycolor.sty
Package: hycolor 2020-01-27 v1.10 Color options for hyperref/bookmark (HO)
)
(c:/texlive/2023/texmf-dist/tex/latex/letltxmacro/letltxmacro.sty
Package: letltxmacro 2019/12/03 v1.6 Let assignment for LaTeX macros (HO)
)
(c:/texlive/2023/texmf-dist/tex/latex/auxhook/auxhook.sty
Package: auxhook 2019-12-17 v1.6 Hooks for auxiliary files (HO)
)
(c:/texlive/2023/texmf-dist/tex/latex/hyperref/nameref.sty
Package: nameref 2022-05-17 v2.50 Cross-referencing by name of section

(c:/texlive/2023/texmf-dist/tex/latex/refcount/refcount.sty
Package: refcount 2019/12/15 v3.6 Data extraction from label references (HO)
)
(c:/texlive/2023/texmf-dist/tex/generic/gettitlestring/gettitlestring.sty
Package: gettitlestring 2019/12/15 v1.6 Cleanup title references (HO)

(c:/texlive/2023/texmf-dist/tex/latex/kvoptions/kvoptions.sty
Package: kvoptions 2022-06-15 v3.15 Key value format for package options (HO)
))
\c@section@level=\count289
)
\@linkdim=\dimen177
\Hy@linkcounter=\count290
\Hy@pagecounter=\count291

(c:/texlive/2023/texmf-dist/tex/latex/hyperref/pd1enc.def
File: pd1enc.def 2023-02-07 v7.00v Hyperref: PDFDocEncoding definition (HO)
)
(c:/texlive/2023/texmf-dist/tex/generic/intcalc/intcalc.sty
Package: intcalc 2019/12/15 v1.3 Expandable calculations with integers (HO)
)
(c:/texlive/2023/texmf-dist/tex/generic/etexcmds/etexcmds.sty
Package: etexcmds 2019/12/15 v1.7 Avoid name clashes with e-TeX commands (HO)
)
\Hy@SavedSpaceFactor=\count292

(c:/texlive/2023/texmf-dist/tex/latex/hyperref/puenc.def
File: puenc.def 2023-02-07 v7.00v Hyperref: PDF Unicode definition (HO)
)
Package hyperref Info: Option `unicode' set `true' on input line 4060.
Package hyperref Info: Option `CJKbookmarks' set `true' on input line 4060.
Package hyperref Info: Option `bookmarksnumbered' set `true' on input line 4060
.
Package hyperref Info: Option `bookmarksopen' set `true' on input line 4060.
Package hyperref Info: Option `colorlinks' set `false' on input line 4060.
Package hyperref Info: Hyper figures OFF on input line 4177.
Package hyperref Info: Link nesting OFF on input line 4182.
Package hyperref Info: Hyper index ON on input line 4185.
Package hyperref Info: Plain pages OFF on input line 4192.
Package hyperref Info: Backreferencing OFF on input line 4197.
Package hyperref Info: Implicit mode ON; LaTeX internals redefined.
Package hyperref Info: Bookmarks ON on input line 4425.
\c@Hy@tempcnt=\count293

(c:/texlive/2023/texmf-dist/tex/latex/url/url.sty
\Urlmuskip=\muskip17
Package: url 2013/09/16  ver 3.4  Verb mode for urls, etc.
)
LaTeX Info: Redefining \url on input line 4763.
\XeTeXLinkMargin=\dimen178

(c:/texlive/2023/texmf-dist/tex/generic/bitset/bitset.sty
Package: bitset 2019/12/09 v1.3 Handle bit-vector datatype (HO)

(c:/texlive/2023/texmf-dist/tex/generic/bigintcalc/bigintcalc.sty
Package: bigintcalc 2019/12/15 v1.5 Expandable calculations on big integers (HO
)
))
\Fld@menulength=\count294
\Field@Width=\dimen179
\Fld@charsize=\dimen180
Package hyperref Info: Hyper figures OFF on input line 6042.
Package hyperref Info: Link nesting OFF on input line 6047.
Package hyperref Info: Hyper index ON on input line 6050.
Package hyperref Info: backreferencing OFF on input line 6057.
Package hyperref Info: Link coloring OFF on input line 6062.
Package hyperref Info: Link coloring with OCG OFF on input line 6067.
Package hyperref Info: PDF/A mode OFF on input line 6072.

(c:/texlive/2023/texmf-dist/tex/latex/base/atbegshi-ltx.sty
Package: atbegshi-ltx 2021/01/10 v1.0c Emulation of the original atbegshi
package with kernel methods
)
\Hy@abspage=\count295
\c@Item=\count296
\c@Hfootnote=\count297
)
Package hyperref Info: Driver (autodetected): hxetex.

(c:/texlive/2023/texmf-dist/tex/latex/hyperref/hxetex.def
File: hxetex.def 2023-02-07 v7.00v Hyperref driver for XeTeX

(c:/texlive/2023/texmf-dist/tex/generic/stringenc/stringenc.sty
Package: stringenc 2019/11/29 v1.12 Convert strings between diff. encodings (HO
)
)
\pdfm@box=\box55
\c@Hy@AnnotLevel=\count298
\HyField@AnnotCount=\count299
\Fld@listcount=\count300
\c@bookmark@seq@number=\count301

(c:/texlive/2023/texmf-dist/tex/latex/rerunfilecheck/rerunfilecheck.sty
Package: rerunfilecheck 2022-07-10 v1.10 Rerun checks for auxiliary files (HO)

(c:/texlive/2023/texmf-dist/tex/latex/base/atveryend-ltx.sty
Package: atveryend-ltx 2020/08/19 v1.0a Emulation of the original atveryend pac
kage
with kernel methods
)
(c:/texlive/2023/texmf-dist/tex/generic/uniquecounter/uniquecounter.sty
Package: uniquecounter 2019/12/15 v1.4 Provide unlimited unique counter (HO)
)
Package uniquecounter Info: New unique counter `rerunfilecheck' on input line 2
85.
)
\Hy@SectionHShift=\skip60
)
(c:/texlive/2023/texmf-dist/tex/latex/caption/subcaption.sty
Package: subcaption 2023/02/19 v1.6 Sub-captions (AR)

(c:/texlive/2023/texmf-dist/tex/latex/caption/caption.sty
Package: caption 2023/03/12 v3.6j Customizing captions (AR)

(c:/texlive/2023/texmf-dist/tex/latex/caption/caption3.sty
Package: caption3 2023/03/12 v2.4 caption3 kernel (AR)
\caption@tempdima=\dimen181
\captionmargin=\dimen182
\caption@leftmargin=\dimen183
\caption@rightmargin=\dimen184
\caption@width=\dimen185
\caption@indent=\dimen186
\caption@parindent=\dimen187
\caption@hangindent=\dimen188
Package caption Info: Standard document class detected.
)
\c@caption@flags=\count302
\c@continuedfloat=\count303
Package caption Info: hyperref package is loaded.
)
Package caption Info: New subtype `subfigure' on input line 239.
\c@subfigure=\count304
Package caption Info: New subtype `subtable' on input line 239.
\c@subtable=\count305
)
(c:/texlive/2023/texmf-dist/tex/latex/graphics/color.sty
Package: color 2022/01/06 v1.3d Standard LaTeX Color (DPC)

(c:/texlive/2023/texmf-dist/tex/latex/graphics-cfg/color.cfg
File: color.cfg 2016/01/02 v1.6 sample color configuration
)
Package color Info: Driver file: xetex.def on input line 149.

(c:/texlive/2023/texmf-dist/tex/latex/graphics/mathcolor.ltx))
(c:/texlive/2023/texmf-dist/tex/latex/tools/indentfirst.sty
Package: indentfirst 1995/11/23 v1.03 Indent first paragraph (DPC)
)
(c:/texlive/2023/texmf-dist/tex/latex/geometry/geometry.sty
Package: geometry 2020/01/02 v5.9 Page Geometry

(c:/texlive/2023/texmf-dist/tex/generic/iftex/ifvtex.sty
Package: ifvtex 2019/10/25 v1.7 ifvtex legacy package. Use iftex instead.
)
\Gm@cnth=\count306
\Gm@cntv=\count307
\c@Gm@tempcnt=\count308
\Gm@bindingoffset=\dimen189
\Gm@wd@mp=\dimen190
\Gm@odd@mp=\dimen191
\Gm@even@mp=\dimen192
\Gm@layoutwidth=\dimen193
\Gm@layoutheight=\dimen194
\Gm@layouthoffset=\dimen195
\Gm@layoutvoffset=\dimen196
\Gm@dimlist=\toks17
)
(c:/texlive/2023/texmf-dist/tex/latex/amsmath/amsmath.sty
Package: amsmath 2022/04/08 v2.17n AMS math features
\@mathmargin=\skip61

For additional information on amsmath, use the `?' option.
(c:/texlive/2023/texmf-dist/tex/latex/amsmath/amstext.sty
Package: amstext 2021/08/26 v2.01 AMS text

(c:/texlive/2023/texmf-dist/tex/latex/amsmath/amsgen.sty
File: amsgen.sty 1999/11/30 v2.0 generic functions
\@emptytoks=\toks18
\ex@=\dimen197
))
(c:/texlive/2023/texmf-dist/tex/latex/amsmath/amsbsy.sty
Package: amsbsy 1999/11/29 v1.2d Bold Symbols
\pmbraise@=\dimen198
)
(c:/texlive/2023/texmf-dist/tex/latex/amsmath/amsopn.sty
Package: amsopn 2022/04/08 v2.04 operator names
)
\inf@bad=\count309
LaTeX Info: Redefining \frac on input line 234.
\uproot@=\count310
\leftroot@=\count311
LaTeX Info: Redefining \overline on input line 399.
LaTeX Info: Redefining \colon on input line 410.
\classnum@=\count312
\DOTSCASE@=\count313
LaTeX Info: Redefining \ldots on input line 496.
LaTeX Info: Redefining \dots on input line 499.
LaTeX Info: Redefining \cdots on input line 620.
\Mathstrutbox@=\box56
\strutbox@=\box57
LaTeX Info: Redefining \big on input line 722.
LaTeX Info: Redefining \Big on input line 723.
LaTeX Info: Redefining \bigg on input line 724.
LaTeX Info: Redefining \Bigg on input line 725.
\big@size=\dimen199
LaTeX Font Info:    Redeclaring font encoding OML on input line 743.
LaTeX Font Info:    Redeclaring font encoding OMS on input line 744.
\macc@depth=\count314
LaTeX Info: Redefining \bmod on input line 905.
LaTeX Info: Redefining \pmod on input line 910.
LaTeX Info: Redefining \smash on input line 940.
LaTeX Info: Redefining \relbar on input line 970.
LaTeX Info: Redefining \Relbar on input line 971.
\c@MaxMatrixCols=\count315
\dotsspace@=\muskip18
\c@parentequation=\count316
\dspbrk@lvl=\count317
\tag@help=\toks19
\row@=\count318
\column@=\count319
\maxfields@=\count320
\andhelp@=\toks20
\eqnshift@=\dimen256
\alignsep@=\dimen257
\tagshift@=\dimen258
\tagwidth@=\dimen259
\totwidth@=\dimen260
\lineht@=\dimen261
\@envbody=\toks21
\multlinegap=\skip62
\multlinetaggap=\skip63
\mathdisplay@stack=\toks22
LaTeX Info: Redefining \[ on input line 2953.
LaTeX Info: Redefining \] on input line 2954.
)
(c:/texlive/2023/texmf-dist/tex/latex/amsfonts/amssymb.sty
Package: amssymb 2013/01/14 v3.01 AMS font symbols

(c:/texlive/2023/texmf-dist/tex/latex/amsfonts/amsfonts.sty
Package: amsfonts 2013/01/14 v3.01 Basic AMSFonts support
\symAMSa=\mathgroup4
\symAMSb=\mathgroup5
LaTeX Font Info:    Redeclaring math symbol \hbar on input line 98.
LaTeX Font Info:    Overwriting math alphabet `\mathfrak' in version `bold'
(Font)                  U/euf/m/n --> U/euf/b/n on input line 106.
))
(c:/texlive/2023/texmf-dist/tex/latex/tools/bm.sty
Package: bm 2022/01/05 v1.2f Bold Symbol Support (DPC/FMi)
\symboldoperators=\mathgroup6
\symboldletters=\mathgroup7
\symboldsymbols=\mathgroup8
Package bm Info: No bold for \OMX/cmex/m/n, using \pmb.
Package bm Info: No bold for \U/msa/m/n, using \pmb.
Package bm Info: No bold for \U/msb/m/n, using \pmb.
LaTeX Font Info:    Redeclaring math alphabet \mathbf on input line 149.
)
(c:/texlive/2023/texmf-dist/tex/latex/ntheorem/ntheorem.sty
Style `ntheorem', Version 1.33 <2011/08/15>
Package: ntheorem 2011/08/15 1.33
(c:/texlive/2023/texmf-dist/tex/latex/base/ifthen.sty
Package: ifthen 2022/04/13 v1.1d Standard LaTeX ifthen package (DPC)
)
\theorem@style=\toks23
\theorem@@style=\toks24
\theorembodyfont=\toks25
\theoremnumbering=\toks26
\theorempreskipamount=\skip64
\theorempostskipamount=\skip65
\theoremframepreskipamount=\skip66
\theoremframepostskipamount=\skip67
\theoreminframepreskipamount=\skip68
\theoreminframepostskipamount=\skip69
\theorem@preskip=\toks27
\theorem@postskip=\toks28
\theorem@framepreskip=\toks29
\theorem@framepostskip=\toks30
\theorem@inframepreskip=\toks31
\theorem@inframepostskip=\toks32
\theoremindent=\dimen262
\theorem@indent=\dimen263
\theoremrightindent=\dimen264
\theorem@rightindent=\dimen265
\theoremheaderfont=\toks33
\theoremseparator=\toks34
\theoremprework=\toks35
\theorempostwork=\toks36
\theoremsymbol=\toks37
\qedsymbol=\toks38
\theoremkeyword=\toks39
\qedsymbol=\toks40
\thm@topsep=\skip70
\thm@topsepadd=\skip71
Package ntheorem Info: Option `thmmarks' loaded on input line 1175.
\c@endNonectr=\count321
\c@currNonectr=\count322
\mysavskip=\skip72
Package ntheorem Info: option `amsmath' handling for `thmmarks' loaded on input
 line 1175.
\thm@amstmpdepth=\dimen266
\tagwidth=\dimen267
)
(c:/texlive/2023/texmf-dist/tex/latex/placeins/placeins.sty
Package: placeins 2005/04/18  v 2.2
)
(c:/texlive/2023/texmf-dist/tex/latex/type1cm/type1cm.sty
Package: type1cm 2002/09/05 v0.04 BlueSky/Y&Y Type1 CM font definitions (DPC, p
atched RF)
)
(c:/texlive/2023/texmf-dist/tex/latex/titlesec/titletoc.sty
Package: titletoc 2021/07/05 v2.14 TOC entries
\ttl@leftsep=\dimen268
)
(c:/texlive/2023/texmf-dist/tex/latex/footmisc/footmisc.sty
Package: footmisc 2022/03/08 v6.0d a miscellany of footnote facilities
\FN@temptoken=\toks41
\footnotemargin=\dimen269
\@outputbox@depth=\dimen270

(c:/texlive/2023/texmf-dist/tex/latex/bigfoot/perpage.sty
Package: perpage 2014/10/25 2.0 Reset/sort counters per page
\c@abspage=\count323
)
\c@pp@a@footnote=\count324
Package footmisc Info: Declaring symbol style bringhurst on input line 695.
Package footmisc Info: Declaring symbol style chicago on input line 703.
Package footmisc Info: Declaring symbol style wiley on input line 712.
Package footmisc Info: Declaring symbol style lamport-robust on input line 723.

Package footmisc Info: Declaring symbol style lamport* on input line 743.
Package footmisc Info: Declaring symbol style lamport*-robust on input line 764
.
)
(c:/texlive/2023/texmf-dist/tex/latex/fancyhdr/fancyhdr.sty
Package: fancyhdr 2022/11/09 v4.1 Extensive control of page headers and footers

\f@nch@headwidth=\skip73
\f@nch@O@elh=\skip74
\f@nch@O@erh=\skip75
\f@nch@O@olh=\skip76
\f@nch@O@orh=\skip77
\f@nch@O@elf=\skip78
\f@nch@O@erf=\skip79
\f@nch@O@olf=\skip80
\f@nch@O@orf=\skip81
)
(c:/texlive/2023/texmf-dist/tex/latex/fancyref/fancyref.sty
Package: fancyref 1999/02/03 v0.9c Fancy cross-referencing

(c:/texlive/2023/texmf-dist/tex/latex/tools/varioref.sty
Package: varioref 2022/01/09 v1.6f package for extended references (FMi)
\c@vrcnt=\count325
))
(c:/texlive/2023/texmf-dist/tex/latex/cite/cite.sty
LaTeX Info: Redefining \cite on input line 302.
LaTeX Info: Redefining \nocite on input line 332.
Package: cite 2015/02/27  v 5.5
)
(c:/texlive/2023/texmf-dist/tex/latex/setspace/setspace.sty
Package: setspace 2022/12/04 v6.7b set line spacing
)
(c:/texlive/2023/texmf-dist/tex/latex/psnfss/mathptmx.sty
Package: mathptmx 2020/03/25 PSNFSS-v9.3 Times w/ Math, improved (SPQR, WaS) 
LaTeX Font Info:    Redeclaring symbol font `operators' on input line 28.
LaTeX Font Info:    Overwriting symbol font `operators' in version `normal'
(Font)                  OT1/cmr/m/n --> OT1/ztmcm/m/n on input line 28.
LaTeX Font Info:    Overwriting symbol font `operators' in version `bold'
(Font)                  OT1/cmr/bx/n --> OT1/ztmcm/m/n on input line 28.
LaTeX Font Info:    Redeclaring symbol font `letters' on input line 29.
LaTeX Font Info:    Overwriting symbol font `letters' in version `normal'
(Font)                  OML/cmm/m/it --> OML/ztmcm/m/it on input line 29.
LaTeX Font Info:    Overwriting symbol font `letters' in version `bold'
(Font)                  OML/cmm/b/it --> OML/ztmcm/m/it on input line 29.
LaTeX Font Info:    Redeclaring symbol font `symbols' on input line 30.
LaTeX Font Info:    Overwriting symbol font `symbols' in version `normal'
(Font)                  OMS/cmsy/m/n --> OMS/ztmcm/m/n on input line 30.
LaTeX Font Info:    Overwriting symbol font `symbols' in version `bold'
(Font)                  OMS/cmsy/b/n --> OMS/ztmcm/m/n on input line 30.
LaTeX Font Info:    Redeclaring symbol font `largesymbols' on input line 31.
LaTeX Font Info:    Overwriting symbol font `largesymbols' in version `normal'
(Font)                  OMX/cmex/m/n --> OMX/ztmcm/m/n on input line 31.
LaTeX Font Info:    Overwriting symbol font `largesymbols' in version `bold'
(Font)                  OMX/cmex/m/n --> OMX/ztmcm/m/n on input line 31.
\symbold=\mathgroup9
\symitalic=\mathgroup10
LaTeX Font Info:    Redeclaring math alphabet \mathbf on input line 34.
LaTeX Font Info:    Redeclaring math alphabet \mathit on input line 35.
LaTeX Font Info:    Overwriting math alphabet `\mathit' in version `normal'
(Font)                  OT1/cmr/m/it --> OT1/ptm/m/it on input line 35.
LaTeX Font Info:    Overwriting math alphabet `\mathit' in version `bold'
(Font)                  OT1/cmr/bx/it --> OT1/ptm/m/it on input line 35.
LaTeX Info: Redefining \hbar on input line 50.
)
(c:/texlive/2023/texmf-dist/tex/latex/base/makeidx.sty
Package: makeidx 2021/10/04 v1.0m Standard LaTeX package
)
(c:/texlive/2023/texmf-dist/tex/latex/siunits/SIunits.sty
Package: SIunits 2007/12/02 v1.36 Support for the International System of units
 (MH)


\@qskwidth=\skip82
LaTeX Font Info:    Redeclaring font encoding TS1 on input line 46.
\symgreek=\mathgroup11
(c:/texlive/2023/texmf-dist/tex/latex/siunits/SIunits.cfg)
Option `squaren' provided!
) (c:/texlive/2023/texmf-dist/tex/latex/multirow/multirow.sty
Package: multirow 2021/03/15 v2.8 Span multiple rows of a table
\multirow@colwidth=\skip83
\multirow@cntb=\count326
\multirow@dima=\skip84
\bigstrutjot=\dimen271
)
(c:/texlive/2023/texmf-dist/tex/latex/fancybox/fancybox.sty
Package: fancybox 2010/05/15 1.4

Style option: `fancybox' v1.4 <2010/05/15> (tvz)
\@fancybox=\box58
\shadowsize=\dimen272
\@Sbox=\box59
\do@VerbBox=\toks42
\the@fancyput=\toks43
\this@fancyput=\toks44
\EndVerbatimTokens=\toks45
\Verbatim@Outfile=\write3
\Verbatim@Infile=\read2
) (c:/texlive/2023/texmf-dist/tex/latex/psnfss/pifont.sty
Package: pifont 2020/03/25 PSNFSS-v9.3 Pi font support (SPQR) 
LaTeX Font Info:    Trying to load font information for U+pzd on input line 63.


(c:/texlive/2023/texmf-dist/tex/latex/psnfss/upzd.fd
File: upzd.fd 2001/06/04 font definitions for U/pzd.
)
LaTeX Font Info:    Trying to load font information for U+psy on input line 64.


(c:/texlive/2023/texmf-dist/tex/latex/psnfss/upsy.fd
File: upsy.fd 2001/06/04 font definitions for U/psy.
))
(c:/texlive/2023/texmf-dist/tex/latex/pdfpages/pdfpages.sty
Package: pdfpages 2022/12/19 v0.5x Insert pages of external PDF documents (AM)

(c:/texlive/2023/texmf-dist/tex/latex/tools/calc.sty
Package: calc 2017/05/25 v4.3 Infix arithmetic (KKT,FJ)
\calc@Acount=\count327
\calc@Bcount=\count328
\calc@Adimen=\dimen273
\calc@Bdimen=\dimen274
\calc@Askip=\skip85
\calc@Bskip=\skip86
LaTeX Info: Redefining \setlength on input line 80.
LaTeX Info: Redefining \addtolength on input line 81.
\calc@Ccount=\count329
\calc@Cskip=\skip87
)
(c:/texlive/2023/texmf-dist/tex/latex/eso-pic/eso-pic.sty
Package: eso-pic 2020/10/14 v3.0a eso-pic (RN)
\ESO@tempdima=\dimen275
\ESO@tempdimb=\dimen276
)
\AM@pagewidth=\dimen277
\AM@pageheight=\dimen278
\AM@fboxrule=\dimen279

(c:/texlive/2023/texmf-dist/tex/latex/pdfpages/ppxetex.def
File: ppxetex.def 2022/12/19 v0.5x Pdfpages driver for XeTeX (AM)
)
\pdfpages@includegraphics@status=\count330
\AM@pagebox=\box60
\AM@global@opts=\toks46
\AM@pagecnt=\count331
\AM@toc@title=\toks47
\AM@lof@heading=\toks48
\c@AM@survey=\count332
\AM@templatesizebox=\box61
)
(c:/texlive/2023/texmf-dist/tex/latex/cjk/texinput/CJKnumb.sty
Package: CJKnumb 2021/10/16 4.8.5
\CJK@q=\count333
\CJK@r=\count334
)

Package fontspec Info: Font family 'TimesNewRoman(0)' created for font 'Times
(fontspec)             New Roman' with options [Ligatures=TeX].
(fontspec)              
(fontspec)              This font family consists of the following NFSS
(fontspec)             series/shapes:
(fontspec)              
(fontspec)             - 'normal' (m/n) with NFSS spec.: <->"Times New
(fontspec)             Roman/OT:script=latn;language=dflt;mapping=tex-text;"
(fontspec)             - 'small caps'  (m/sc) with NFSS spec.: <->"Times New
(fontspec)             Roman/OT:script=latn;language=dflt;+smcp;mapping=tex-tex
t;"
(fontspec)             - 'bold' (b/n) with NFSS spec.: <->"Times New
(fontspec)             Roman/B/OT:script=latn;language=dflt;mapping=tex-text;"
(fontspec)             - 'bold small caps'  (b/sc) with NFSS spec.: <->"Times
(fontspec)             New
(fontspec)             Roman/B/OT:script=latn;language=dflt;+smcp;mapping=tex-t
ext;"
(fontspec)             - 'italic' (m/it) with NFSS spec.: <->"Times New
(fontspec)             Roman/I/OT:script=latn;language=dflt;mapping=tex-text;"
(fontspec)             - 'italic small caps'  (m/scit) with NFSS spec.:
(fontspec)             <->"Times New
(fontspec)             Roman/I/OT:script=latn;language=dflt;+smcp;mapping=tex-t
ext;"
(fontspec)             - 'bold italic' (b/it) with NFSS spec.: <->"Times New
(fontspec)             Roman/BI/OT:script=latn;language=dflt;mapping=tex-text;"

(fontspec)             - 'bold italic small caps'  (b/scit) with NFSS spec.:
(fontspec)             <->"Times New
(fontspec)             Roman/BI/OT:script=latn;language=dflt;+smcp;mapping=tex-
text;"


Package fontspec Info: Font family 'Arial(0)' created for font 'Arial' with
(fontspec)             options [Ligatures=TeX].
(fontspec)              
(fontspec)              This font family consists of the following NFSS
(fontspec)             series/shapes:
(fontspec)              
(fontspec)             - 'normal' (m/n) with NFSS spec.:
(fontspec)             <->"Arial/OT:script=latn;language=dflt;mapping=tex-text;
"
(fontspec)             - 'small caps'  (m/sc) with NFSS spec.:
(fontspec)             <->"Arial/OT:script=latn;language=dflt;+smcp;mapping=tex
-text;"
(fontspec)             - 'bold' (b/n) with NFSS spec.:
(fontspec)             <->"Arial/B/OT:script=latn;language=dflt;mapping=tex-tex
t;"
(fontspec)             - 'bold small caps'  (b/sc) with NFSS spec.:
(fontspec)             <->"Arial/B/OT:script=latn;language=dflt;+smcp;mapping=t
ex-text;"
(fontspec)             - 'italic' (m/it) with NFSS spec.:
(fontspec)             <->"Arial/I/OT:script=latn;language=dflt;mapping=tex-tex
t;"
(fontspec)             - 'italic small caps'  (m/scit) with NFSS spec.:
(fontspec)             <->"Arial/I/OT:script=latn;language=dflt;+smcp;mapping=t
ex-text;"
(fontspec)             - 'bold italic' (b/it) with NFSS spec.:
(fontspec)             <->"Arial/BI/OT:script=latn;language=dflt;mapping=tex-te
xt;"
(fontspec)             - 'bold italic small caps'  (b/scit) with NFSS spec.:
(fontspec)             <->"Arial/BI/OT:script=latn;language=dflt;+smcp;mapping=
tex-text;"



Package xeCJK Warning: Redefining CJKfamily `\CJKrmdefault' (SimSun(0)).


Package fontspec Info: Could not resolve font "SimSun/I" (it probably doesn't
(fontspec)             exist).


Package fontspec Info: Could not resolve font "SimSun/BI" (it probably doesn't
(fontspec)             exist).


Package fontspec Info: Could not resolve font "SimSun/I" (it probably doesn't
(fontspec)             exist).


Package fontspec Info: Font family 'SimSun(1)' created for font 'SimSun' with
(fontspec)             options [Script={CJK},AutoFakeBold={2}].
(fontspec)              
(fontspec)              This font family consists of the following NFSS
(fontspec)             series/shapes:
(fontspec)              
(fontspec)             - 'normal' (m/n) with NFSS spec.:
(fontspec)             <->"SimSun/OT:script=hani;language=dflt;"
(fontspec)             - 'small caps'  (m/sc) with NFSS spec.: 
(fontspec)             - 'bold' (b/n) with NFSS spec.:
(fontspec)             <->"SimSun/OT:script=hani;language=dflt;embolden=2;"
(fontspec)             - 'bold small caps'  (b/sc) with NFSS spec.: 

) (./cjkhl.sty
Package: cjkhl 2012/08/04 v0.01 Highlighting in CJK documents (DPC)
) (c:/texlive/2023/texmf-dist/tex/latex/booktabs/booktabs.sty
Package: booktabs 2020/01/12 v1.61803398 Publication quality tables
\heavyrulewidth=\dimen280
\lightrulewidth=\dimen281
\cmidrulewidth=\dimen282
\belowrulesep=\dimen283
\belowbottomsep=\dimen284
\aboverulesep=\dimen285
\abovetopsep=\dimen286
\cmidrulesep=\dimen287
\cmidrulekern=\dimen288
\defaultaddspace=\dimen289
\@cmidla=\count335
\@cmidlb=\count336
\@aboverulesep=\dimen290
\@belowrulesep=\dimen291
\@thisruleclass=\count337
\@lastruleclass=\count338
\@thisrulewidth=\dimen292
)
(./gbt7714.sty
Package: gbt7714 2021/06/20 v2.1.2 GB/T 7714—2015 BibTeX Style
 (c:/texlive/2023/texmf-dist/tex/latex/natbib/natbib.sty
Package: natbib 2010/09/13 8.31b (PWD, AO)


Package natbib Warning: The `cite' package should not be used
(natbib)                with natbib. Use option `sort' instead.

\bibhang=\skip88
\bibsep=\skip89
LaTeX Info: Redefining \cite on input line 694.
LaTeX Info: Redefining \citenum on input line 708.
\c@NAT@ctr=\count339
)) (./COEmain.aux (./preface/c_COEabstract.aux) (./preface/e_COEabstract.aux)
(./body/COEintroduction.aux) (./body/COEchap2.aux) (./body/COEchap3.aux)
(./body/COEchap4.aux) (./appendix/COEpublications.aux)
(./appendix/COEacknowledgements.aux) (./appendix/makeup.aux))
\openout1 = `COEmain.aux'.

LaTeX Font Info:    Checking defaults for OML/cmm/m/it on input line 53.
LaTeX Font Info:    ... okay on input line 53.
LaTeX Font Info:    Checking defaults for OMS/cmsy/m/n on input line 53.
LaTeX Font Info:    ... okay on input line 53.
LaTeX Font Info:    Checking defaults for OT1/cmr/m/n on input line 53.
LaTeX Font Info:    ... okay on input line 53.
LaTeX Font Info:    Checking defaults for T1/cmr/m/n on input line 53.
LaTeX Font Info:    ... okay on input line 53.
LaTeX Font Info:    Checking defaults for TS1/cmr/m/n on input line 53.
LaTeX Font Info:    ... okay on input line 53.
LaTeX Font Info:    Checking defaults for TU/lmr/m/n on input line 53.
LaTeX Font Info:    ... okay on input line 53.
LaTeX Font Info:    Checking defaults for OMX/cmex/m/n on input line 53.
LaTeX Font Info:    ... okay on input line 53.
LaTeX Font Info:    Checking defaults for U/cmr/m/n on input line 53.
LaTeX Font Info:    ... okay on input line 53.
LaTeX Font Info:    Checking defaults for PD1/pdf/m/n on input line 53.
LaTeX Font Info:    ... okay on input line 53.
LaTeX Font Info:    Checking defaults for PU/pdf/m/n on input line 53.
LaTeX Font Info:    ... okay on input line 53.
Package hyperref Info: Link coloring OFF on input line 53.
 (./COEmain.out)
(./COEmain.out)
\@outlinefile=\write4
\openout4 = `COEmain.out'.

Package caption Info: Begin \AtBeginDocument code.
Package caption Info: End \AtBeginDocument code.

*geometry* driver: auto-detecting
*geometry* detected driver: xetex
*geometry* verbose mode - [ preamble ] result:
* driver: xetex
* paper: a4paper
* layout: <same size as paper>
* layoutoffset:(h,v)=(0.0pt,0.0pt)
* modes: twoside 
* h-part:(L,W,R)=(73.97733pt, 449.55322pt, 73.97733pt)
* v-part:(T,H,B)=(89.626pt, 684.28896pt, 71.13188pt)
* \paperwidth=597.50787pt
* \paperheight=845.04684pt
* \textwidth=449.55322pt
* \textheight=684.28896pt
* \oddsidemargin=1.70734pt
* \evensidemargin=1.70734pt
* \topmargin=-15.36446pt
* \headheight=21.33955pt
* \headsep=11.38092pt
* \topskip=12.0pt
* \footskip=21.33955pt
* \marginparwidth=88.0pt
* \marginparsep=7.0pt
* \columnsep=10.0pt
* \skip\footins=17.07182pt
* \hoffset=0.0pt
* \voffset=0.0pt
* \mag=1000
* \@twocolumnfalse
* \@twosidetrue
* \@mparswitchtrue
* \@reversemarginfalse
* (1in=72.27pt=25.4mm, 1cm=28.453pt)

Option `squaren' provided! 
 Command \squaren defined by SIunits package!

(c:/texlive/2023/texmf-dist/tex/latex/pdflscape/pdflscape.sty
Package: pdflscape 2022-10-27 v0.13 Display of landscape pages in PDF

(c:/texlive/2023/texmf-dist/tex/latex/pdflscape/pdflscape-nometadata.sty
Package: pdflscape-nometadata 2022-10-28 v0.13 Display of landscape pages in PD
F (HO)

(c:/texlive/2023/texmf-dist/tex/latex/graphics/lscape.sty
Package: lscape 2020/05/28 v3.02 Landscape Pages (DPC)
)
Package pdflscape Info: Auto-detected driver: dvipdfm (xetex) on input line 98.

))
(./setup/COEformat.tex

Class ctexbook Warning: Command `\CTEXsetup' is deprecated.
(ctexbook)              \ctexset { chapter = { format={\typechap \centering
(ctexbook)              },nameformat={\typechap },aftername={\hspace
(ctexbook)              *{1em}},titleformat={\typechap
(ctexbook)              },beforeskip={-2pt},afterskip={24pt} } } is set.


Class ctexbook Warning: Command `\CTEXsetup' is deprecated.
(ctexbook)              \ctexset { section = { format={\typesec
(ctexbook)              },nameformat={\typesec },aftername={\hspace
(ctexbook)              *{1em}},titleformat={\typesec
(ctexbook)              },beforeskip={24pt},afterskip={6pt} } } is set.


Class ctexbook Warning: Command `\CTEXsetup' is deprecated.
(ctexbook)              \ctexset { subsection = { format={\typesubsecctex
(ctexbook)              },nameformat={\typesubsecctex },aftername={\hspace
(ctexbook)              *{1em}},titleformat={\typesubsecctex
(ctexbook)              },beforeskip={12pt},afterskip={6pt} } } is set.


Class ctexbook Warning: Command `\CTEXsetup' is deprecated.
(ctexbook)              \ctexset { subsubsection = {
(ctexbook)              format={\typesubsubsecctex
(ctexbook)              },nameformat={\typesubsubsecctex },aftername={\hspace
(ctexbook)              *{1em}},titleformat={\typesubsubsecctex
(ctexbook)              },beforeskip={12pt},afterskip={6pt} } } is set.

\c@currdefinitionctr=\count340
\c@enddefinitionctr=\count341
\c@definition=\count342
\c@currpropositionctr=\count343
\c@endpropositionctr=\count344
\c@currassumptionctr=\count345
\c@endassumptionctr=\count346
\c@currlemmactr=\count347
\c@endlemmactr=\count348
\c@currremarkctr=\count349
\c@endremarkctr=\count350
\c@currtheoremctr=\count351
\c@endtheoremctr=\count352
\c@curraxiomctr=\count353
\c@endaxiomctr=\count354
\c@axiom=\count355
\c@currcorollaryctr=\count356
\c@endcorollaryctr=\count357
\c@currexercisectr=\count358
\c@endexercisectr=\count359
\c@currproofctr=\count360
\c@endproofctr=\count361
\c@proof=\count362
\c@currexamplectr=\count363
\c@endexamplectr=\count364
\c@example=\count365
\AphorismAuthor=\box62
\c@newlist=\count366
) (./preface/COEcover.tex
File: figures//logo.eps Graphic file (type eps)
<figures//logo.eps>

Package fontspec Info: Could not resolve font "SimHei/I" (it probably doesn't
(fontspec)             exist).


Package fontspec Info: Could not resolve font "SimHei/BI" (it probably doesn't
(fontspec)             exist).


Package fontspec Info: Could not resolve font "SimHei/I" (it probably doesn't
(fontspec)             exist).


Package fontspec Info: Font family 'SimHei(0)' created for font 'SimHei' with
(fontspec)             options [Script={CJK},AutoFakeBold={2}].
(fontspec)              
(fontspec)              This font family consists of the following NFSS
(fontspec)             series/shapes:
(fontspec)              
(fontspec)             - 'normal' (m/n) with NFSS spec.:
(fontspec)             <->"SimHei/OT:script=hani;language=dflt;"
(fontspec)             - 'small caps'  (m/sc) with NFSS spec.: 
(fontspec)             - 'bold' (b/n) with NFSS spec.:
(fontspec)             <->"SimHei/OT:script=hani;language=dflt;embolden=2;"
(fontspec)             - 'bold small caps'  (b/sc) with NFSS spec.: 

LaTeX Font Info:    Calculating math sizes for size <22> on input line 55.
LaTeX Font Info:    Trying to load font information for OT1+ztmcm on input line
 55.

(c:/texlive/2023/texmf-dist/tex/latex/psnfss/ot1ztmcm.fd
File: ot1ztmcm.fd 2000/01/03 Fontinst v1.801 font definitions for OT1/ztmcm.
)
LaTeX Font Info:    Trying to load font information for OML+ztmcm on input line
 55.

(c:/texlive/2023/texmf-dist/tex/latex/psnfss/omlztmcm.fd
File: omlztmcm.fd 2000/01/03 Fontinst v1.801 font definitions for OML/ztmcm.
)
LaTeX Font Info:    Trying to load font information for OMS+ztmcm on input line
 55.

(c:/texlive/2023/texmf-dist/tex/latex/psnfss/omsztmcm.fd
File: omsztmcm.fd 2000/01/03 Fontinst v1.801 font definitions for OMS/ztmcm.
)
LaTeX Font Info:    Trying to load font information for OMX+ztmcm on input line
 55.

(c:/texlive/2023/texmf-dist/tex/latex/psnfss/omxztmcm.fd
File: omxztmcm.fd 2000/01/03 Fontinst v1.801 font definitions for OMX/ztmcm.
)
LaTeX Font Info:    Trying to load font information for OT1+ptm on input line 5
5.

(c:/texlive/2023/texmf-dist/tex/latex/psnfss/ot1ptm.fd
File: ot1ptm.fd 2001/06/04 font definitions for OT1/ptm.
)
LaTeX Font Info:    Font shape `OT1/ptm/bx/n' in size <22> not available
(Font)              Font shape `OT1/ptm/b/n' tried instead on input line 55.
LaTeX Font Info:    Font shape `OT1/ptm/bx/n' in size <16.28012> not available
(Font)              Font shape `OT1/ptm/b/n' tried instead on input line 55.
LaTeX Font Info:    Font shape `OT1/ptm/bx/n' in size <13.20013> not available
(Font)              Font shape `OT1/ptm/b/n' tried instead on input line 55.


LaTeX Font Warning: Font shape `OML/eur/m/n' in size <22> not available
(Font)              size <20.74> substituted on input line 55.


LaTeX Font Warning: Font shape `OML/eur/m/n' in size <16.28012> not available
(Font)              size <17.28> substituted on input line 55.


LaTeX Font Warning: Font shape `OML/eur/m/n' in size <13.20013> not available
(Font)              size <14.4> substituted on input line 55.

LaTeX Font Info:    Calculating math sizes for size <15> on input line 55.
LaTeX Font Info:    Font shape `OT1/ptm/bx/n' in size <15> not available
(Font)              Font shape `OT1/ptm/b/n' tried instead on input line 55.
LaTeX Font Info:    Font shape `OT1/ptm/bx/n' in size <11.10008> not available
(Font)              Font shape `OT1/ptm/b/n' tried instead on input line 55.
LaTeX Font Info:    Font shape `OT1/ptm/bx/n' in size <9.00009> not available
(Font)              Font shape `OT1/ptm/b/n' tried instead on input line 55.

LaTeX Font Warning: Font shape `OML/eur/m/n' in size <15> not available
(Font)              size <14.4> substituted on input line 55.


Package fontspec Info: Could not resolve font "FangSong/I" (it probably
(fontspec)             doesn't exist).


Package fontspec Info: Could not resolve font "FangSong/BI" (it probably
(fontspec)             doesn't exist).


Package fontspec Info: Could not resolve font "FangSong/I" (it probably
(fontspec)             doesn't exist).


Package fontspec Info: Font family 'FangSong(0)' created for font 'FangSong'
(fontspec)             with options [Script={CJK},AutoFakeBold={2}].
(fontspec)              
(fontspec)              This font family consists of the following NFSS
(fontspec)             series/shapes:
(fontspec)              
(fontspec)             - 'normal' (m/n) with NFSS spec.:
(fontspec)             <->"FangSong/OT:script=hani;language=dflt;"
(fontspec)             - 'small caps'  (m/sc) with NFSS spec.: 
(fontspec)             - 'bold' (b/n) with NFSS spec.:
(fontspec)             <->"FangSong/OT:script=hani;language=dflt;embolden=2;"
(fontspec)             - 'bold small caps'  (b/sc) with NFSS spec.: 

[1



] [2

]

Package fontspec Info: Could not resolve font "Microsoft YaHei Bold/I" (it
(fontspec)             probably doesn't exist).


Package fontspec Info: Could not resolve font "Microsoft YaHei/I" (it probably
(fontspec)             doesn't exist).


Package fontspec Info: Font family 'MicrosoftYaHei(0)' created for font
(fontspec)             'Microsoft YaHei' with options
(fontspec)             [Script={CJK},BoldFont={* Bold}].
(fontspec)              
(fontspec)              This font family consists of the following NFSS
(fontspec)             series/shapes:
(fontspec)              
(fontspec)             - 'normal' (m/n) with NFSS spec.: <->"Microsoft
(fontspec)             YaHei/OT:script=hani;language=dflt;"
(fontspec)             - 'small caps'  (m/sc) with NFSS spec.: 
(fontspec)             - 'bold' (b/n) with NFSS spec.: <->"Microsoft YaHei
(fontspec)             Bold/OT:script=hani;language=dflt;"
(fontspec)             - 'bold small caps'  (b/sc) with NFSS spec.: 
(fontspec)             - 'bold italic' (b/it) with NFSS spec.: <->"Microsoft
(fontspec)             YaHei/BI/OT:script=hani;language=dflt;"
(fontspec)             - 'bold italic small caps'  (b/scit) with NFSS spec.: 

 [3] [4

])
File: figures/copyright2.pdf Graphic file (type pdf)
<use figures/copyright2.pdf>
File: figures/copyright2.pdf Graphic file (type pdf)
<use figures/copyright2.pdf>
File: figures/copyright2.pdf Graphic file (type pdf)
<use figures/copyright2.pdf, page 1>
File: figures/copyright2.pdf Graphic file (type pdf)
<use figures/copyright2.pdf, page 1>
File: figures/copyright2.pdf Graphic file (type pdf)
<use figures/copyright2.pdf, page 1>
File: figures/copyright2.pdf Graphic file (type pdf)
<use figures/copyright2.pdf, page 1>
File: figures/copyright2.pdf Graphic file (type pdf)
<use figures/copyright2.pdf, page 1>
 [5] [6

]
\openout2 = `preface/c_COEabstract.aux'.

 (./preface/c_COEabstract.tex)
\openout2 = `preface/e_COEabstract.aux'.


(./preface/e_COEabstract.tex)
LaTeX Font Info:    Font shape `OT1/ptm/bx/n' in size <12> not available
(Font)              Font shape `OT1/ptm/b/n' tried instead on input line 102.
LaTeX Font Info:    Font shape `OT1/ptm/bx/n' in size <9> not available
(Font)              Font shape `OT1/ptm/b/n' tried instead on input line 102.
LaTeX Font Info:    Font shape `OT1/ptm/bx/n' in size <7> not available
(Font)              Font shape `OT1/ptm/b/n' tried instead on input line 102.
LaTeX Font Info:    Font shape `OT1/ptm/bx/n' in size <5> not available
(Font)              Font shape `OT1/ptm/b/n' tried instead on input line 102.

Overfull \vbox (0.85371pt too high) has occurred while \output is active []


[1








] [2

] [3] [4

] (./COEmain.toc)
\tf@toc=\write5
\openout5 = `COEmain.toc'.

 [5

] [6

]
\openout2 = `body/COEintroduction.aux'.

 (./body/COEintroduction.tex
第一章
LaTeX Font Info:    Font shape `OT1/ptm/bx/n' in size <16.06> not available
(Font)              Font shape `OT1/ptm/b/n' tried instead on input line 3.
LaTeX Font Info:    Font shape `OT1/ptm/bx/n' in size <14.05249> not available
(Font)              Font shape `OT1/ptm/b/n' tried instead on input line 3.
LaTeX Font Info:    Font shape `OT1/ptm/bx/n' in size <10.53937> not available
(Font)              Font shape `OT1/ptm/b/n' tried instead on input line 3.

LaTeX Font Warning: Font shape `OML/eur/m/n' in size <16.06> not available
(Font)              size <17.28> substituted on input line 3.


LaTeX Font Warning: Font shape `OML/eur/m/n' in size <10.53937> not available
(Font)              size <10.95> substituted on input line 3.

LaTeX Font Info:    Font shape `OT1/ptm/bx/n' in size <8> not available
(Font)              Font shape `OT1/ptm/b/n' tried instead on input line 4.
LaTeX Font Info:    Font shape `OT1/ptm/bx/n' in size <6> not available
(Font)              Font shape `OT1/ptm/b/n' tried instead on input line 4.

Package hyperref Warning: Token not allowed in a PDF string (Unicode):
(hyperref)                removing `\uppercase' on input line 8.


Package hyperref Warning: Token not allowed in a PDF string (Unicode):
(hyperref)                removing `\uppercase' on input line 15.

) [1




] [2



]
\openout2 = `body/COEchap2.aux'.

 (./body/COEchap2.tex
第二章
File: figures//figure_A.pdf Graphic file (type pdf)
<use figures//figure_A.pdf>
File: figures//figure_A.pdf Graphic file (type pdf)
<use figures//figure_A.pdf>
LaTeX Font Info:    Font shape `OT1/ptm/bx/n' in size <10.95> not available
(Font)              Font shape `OT1/ptm/b/n' tried instead on input line 22.
File: figures//figure_B.pdf Graphic file (type pdf)
<use figures//figure_B.pdf>

Overfull \hbox (2.0pt too wide) in paragraph at lines 19--29
[][] [] 
 []

[3


]

Package mathptmx Warning: There are no bold math fonts on input line 69.

) [4]
\openout2 = `body/COEchap3.aux'.

 (./body/COEchap3.tex
第三章
[5





] [6] [7] [8] [9] [10]
LaTeX Font Info:    Font shape `OT1/ptm/bx/n' in size <7.52812> not available
(Font)              Font shape `OT1/ptm/b/n' tried instead on input line 227.


LaTeX Font Warning: Font shape `OML/eur/m/n' in size <7.52812> not available
(Font)              size <8> substituted on input line 227.

[11]) [12]
\openout2 = `body/COEchap4.aux'.

 (./body/COEchap4.tex
第四章
) [13





] [14



] (./COEmain.bbl) [15

] [16

] (./appendix/COEappendix_A.tex
附录 A
[17

]
File: figures//app.png Graphic file (type bmp)
<figures//app.png>
) [18

]
\openout2 = `appendix/COEpublications.aux'.

 (./appendix/COEpublications.tex
Underfull \hbox (badness 10000) in paragraph at lines 46--48

 []

) [19



] [20



]
\openout2 = `appendix/COEacknowledgements.aux'.

 (./appendix/COEacknowledgements.tex) [21


] [22



]
File: figures/Authority2.pdf Graphic file (type pdf)
<use figures/Authority2.pdf>
File: figures/Authority2.pdf Graphic file (type pdf)
<use figures/Authority2.pdf>
File: figures/Authority2.pdf Graphic file (type pdf)
<use figures/Authority2.pdf, page 1>
File: figures/Authority2.pdf Graphic file (type pdf)
<use figures/Authority2.pdf, page 1>
File: figures/Authority2.pdf Graphic file (type pdf)
<use figures/Authority2.pdf, page 1>
File: figures/Authority2.pdf Graphic file (type pdf)
<use figures/Authority2.pdf, page 1>
File: figures/Authority2.pdf Graphic file (type pdf)
<use figures/Authority2.pdf, page 1>
 [23]
\openout2 = `appendix/makeup.aux'.


(./appendix/makeup.tex) [24

]
\tf@thm=\write6
\openout6 = `COEmain.thm'.

 (./COEmain.aux (./preface/c_COEabstract.aux)
(./preface/e_COEabstract.aux) (./body/COEintroduction.aux) (./body/COEchap2.aux
) (./body/COEchap3.aux) (./body/COEchap4.aux) (./appendix/COEpublications.aux)
(./appendix/COEacknowledgements.aux) (./appendix/makeup.aux))

LaTeX Font Warning: Size substitutions with differences
(Font)              up to 1.26pt have occurred.

Package rerunfilecheck Info: File `COEmain.out' has not changed.
(rerunfilecheck)             Checksum: 45B5F728C6F12A69519D4E3BB7351F53;3525.
 ) 
Here is how much of TeX's memory you used:
 23207 strings out of 476683
 511752 string characters out of 5807576
 1870012 words of memory out of 5000000
 42897 multiletter control sequences out of 15000+600000
 587856 words of font info for 322 fonts, out of 8000000 for 9000
 1348 hyphenation exceptions out of 8191
 89i,17n,97p,1223b,673s stack positions out of 10000i,1000n,20000p,200000b,200000s

Output written on COEmain.pdf (36 pages).
