\BOOKMARK [0][]{chapter.1}{\376\377\173\054\116\000\172\340\000\040\000\040\137\025\212\000}{}% 1
\BOOKMARK [1][]{section.1.1}{\376\377\0001\000.\0001\000\040\000i\000i\000i\145\317\154\056\123\026\162\151\377\010\000G\000a\000N\000\040\127\372\123\112\133\374\117\123\377\011\147\120\145\231\166\204\127\372\147\054\140\047\215\050}{chapter.1}% 2
\BOOKMARK [2][]{subsection.1.1.1}{\376\377\0001\000.\0001\000.\0001\000\040\000i\000i\000i\145\317\154\056\123\026\162\151\123\112\133\374\117\123\166\204\146\166\117\123\176\323\147\204}{section.1.1}% 3
\BOOKMARK [0][]{chapter.2}{\376\377\173\054\116\214\172\340\000\040\000\040\126\376\210\150\124\214\121\154\137\017\171\072\117\213}{}% 4
\BOOKMARK [0][]{chapter.3}{\376\377\173\054\116\011\172\340\000\040\000\040\150\074\137\017\213\346\176\306\211\201\154\102}{}% 5
\BOOKMARK [1][]{section.3.1}{\376\377\0003\000.\0001\000\040\134\001\227\142}{chapter.3}% 6
\BOOKMARK [1][]{section.3.2}{\376\377\0003\000.\0002\000\040\162\110\147\103\130\360\146\016}{chapter.3}% 7
\BOOKMARK [1][]{section.3.3}{\376\377\0003\000.\0003\000\040\116\055\145\207\144\130\211\201}{chapter.3}% 8
\BOOKMARK [1][]{section.3.4}{\376\377\0003\000.\0004\000\040\202\361\145\207\144\130\211\201}{chapter.3}% 9
\BOOKMARK [1][]{section.3.5}{\376\377\0003\000.\0005\000\040\166\356\137\125}{chapter.3}% 10
\BOOKMARK [1][]{section.3.6}{\376\377\0003\000.\0006\000\040\116\073\211\201\173\046\123\367\133\371\161\147\210\150}{chapter.3}% 11
\BOOKMARK [1][]{section.3.7}{\376\377\0003\000.\0007\000\040\153\143\145\207}{chapter.3}% 12
\BOOKMARK [2][]{subsection.3.7.1}{\376\377\0003\000.\0007\000.\0001\000\040\150\007\230\230}{section.3.7}% 13
\BOOKMARK [2][]{subsection.3.7.2}{\376\377\0003\000.\0007\000.\0002\000\040\153\265\204\075\145\207\133\127}{section.3.7}% 14
\BOOKMARK [2][]{subsection.3.7.3}{\376\377\0003\000.\0007\000.\0003\000\040\201\032\154\350}{section.3.7}% 15
\BOOKMARK [2][]{subsection.3.7.4}{\376\377\0003\000.\0007\000.\0004\000\040\147\011\121\163\126\376\210\150\124\214\210\150\217\276\137\017}{section.3.7}% 16
\BOOKMARK [1][]{section.3.8}{\376\377\0003\000.\0008\000\040\123\302\200\003\145\207\163\056}{chapter.3}% 17
\BOOKMARK [1][]{section.3.9}{\376\377\0003\000.\0009\000\040\226\104\137\125}{chapter.3}% 18
\BOOKMARK [1][]{section.3.10}{\376\377\0003\000.\0001\0000\000\040\201\364\214\042\060\001\123\237\122\033\140\047\130\360\146\016\124\214\143\210\147\103\117\177\165\050\213\364\146\016}{chapter.3}% 19
\BOOKMARK [1][]{section.3.11}{\376\377\0003\000.\0001\0001\000\040\230\165\227\142\213\276\177\156}{chapter.3}% 20
\BOOKMARK [1][]{section.3.12}{\376\377\0003\000.\0001\0002\000\040\142\123\123\160\124\214\210\305\213\242\211\201\154\102}{chapter.3}% 21
\BOOKMARK [0][]{chapter.4}{\376\377\173\054\126\333\172\340\000\040\000\040\152\041\147\177\146\364\145\260\213\260\137\125}{}% 22
\BOOKMARK [0][]{section*.6}{\376\377\123\302\200\003\145\207\163\056}{}% 23
\BOOKMARK [0][]{appendix.A}{\376\377\226\104\137\125\000\040\000A\000\040\000\040\226\104\137\125\171\072\117\213}{}% 24
\BOOKMARK [0][]{section*.10}{\376\377\171\321\170\024\142\020\147\234}{}% 25
